time=2025-08-05T21:45:44.617-07:00 level=INFO msg="added hook" hook=allow-all-auth
time=2025-08-05T21:45:44.617-07:00 level=INFO msg="added hook" hook=base
time=2025-08-05T21:45:44.617-07:00 level=INFO msg="attached listener" id=t1 protocol=tcp address=[::]:1883
time=2025-08-05T21:45:44.617-07:00 level=INFO msg="attached listener" id=ws1 protocol=ws address=:1882
time=2025-08-05T21:45:44.617-07:00 level=INFO msg="mochi mqtt starting" version=2.7.9
time=2025-08-05T21:45:44.618-07:00 level=INFO msg="mochi mqtt server started"
time=2025-08-05T21:45:44.619-07:00 level=WARN msg="client keepalive is below minimum recommended value and may exhibit connection instability" client="" keepalive=2 recommended=5
[sick-gamer-vibezz][out]: Starting up...
[sick-gamer-vibezz][out]: Setting up wled
[closet-light-plug][out]: Setting up kasa
[closet-rgb][out]: Starting up...
[closet-rgb][out]: Setting up wled
[bed-bulb][out]: Setting up kasa
[broom-closet-ending][out]: Starting up...
[broom-closet-ending][out]: Setting up wled
[deks-rgb][out]: Starting up...
[deks-rgb][out]: Setting up wled
[broom-closet-ending][out]: [[WLED]] Connecting to 192.168.30.30
[controller-dos-accent][out]: Starting up...
[controller-dos-accent][out]: Setting up wled
[closet-rgb][out]: [[WLED]] Connecting to 192.168.30.30
[sick-gamer-vibezz][out]: [[WLED]] Connecting to 192.168.30.30
[deks-light][out]: Starting up...
[deks-light][out]: Setting up wled
[test-greeter][out]: Connected to broker
[deks-rgb][out]: [[WLED]] Connecting to 192.168.30.30
[controller-dos-accent][out]: [[WLED]] Connecting to 192.168.30.30
[sick-gamer-vibezz][out]: Connected to broker
[closet-rgb][out]: Connected to broker
[deks-light][out]: [[WLED]] Connecting to 192.168.30.30
[deks-rgb][out]: Connected to broker
Request for fullState (sends /state and /status)[controller-dos-accent][out]: Connected to broker
[deks-light][out]: Connected to broker
[closet-rgb][out]: [[WLED]]: Connected to 192.168.30.30
[broom-closet-ending][out]: [[WLED]]: Connected to 192.168.30.30
[controller-dos-accent][out]: [[WLED]]: Connected to 192.168.30.30
[closet-light-plug][out]: Device initialized
[closet-light-plug][out]: Device is a plug
[closet-light-plug][out]: getData called with path: /lightState
[closet-light-plug][out]: getData called with path: /powerState
[closet-light-plug][out]: getData called with path: /temperatureRange
[closet-light-plug][out]: Connected to broker
[bed-bulb][out]: Device initialized
[bed-bulb][out]: Device is a bulb
[bed-bulb][out]: getData called with path: /lightState
[bed-bulb][out]: getData called with path: /powerState
[bed-bulb][out]: getData called with path: /temperatureRange
[bed-bulb][out]: Connected to broker
[bed-bulb][out]: Power state updated: {
[bed-bulb][out]:   on_off: 1,
[bed-bulb][out]:   hue: 220,
[bed-bulb][out]:   saturation: 100,
[bed-bulb][out]:   color_temp: 2800,
[bed-bulb][out]:   brightness: 100,
[bed-bulb][out]:   mode: 'normal',
[bed-bulb][out]:   err_code: 0
[bed-bulb][out]: }
[bed-bulb][out]: Light state updated: {
[bed-bulb][out]:   on_off: 1,
[bed-bulb][out]:   hue: 220,
[bed-bulb][out]:   saturation: 100,
[bed-bulb][out]:   color_temp: 2800,
[bed-bulb][out]:   brightness: 100,
[bed-bulb][out]:   mode: 'normal',
[bed-bulb][out]:   err_code: 0
[bed-bulb][out]: }
[bed-bulb][out]: Light state updated: {
[bed-bulb][out]:   on_off: 1,
[bed-bulb][out]:   hue: 220,
[bed-bulb][out]:   saturation: 100,
[bed-bulb][out]:   color_temp: 2800,
[bed-bulb][out]:   brightness: 100,
[bed-bulb][out]:   mode: 'normal',
[bed-bulb][out]:   err_code: 0
[bed-bulb][out]: }
[sick-gamer-vibezz][err]: node:events:485
[sick-gamer-vibezz][err]:       throw er; // Unhandled 'error' event
[sick-gamer-vibezz][err]:       ^
[sick-gamer-vibezz][err]: 
[sick-gamer-vibezz][err]: Error: read ECONNRESET
[sick-gamer-vibezz][err]:     at TCP.onStreamRead (node:internal/stream_base_commons:216:20)
[sick-gamer-vibezz][err]: Emitted 'error' event on WebSocket instance at:
[sick-gamer-vibezz][err]:     at emitErrorAndClose (/home/jedi/Documents/Coding/iot_orchestrator/node_modules/ws/lib/websocket.js:1041:13)
[sick-gamer-vibezz][err]:     at ClientRequest.<anonymous> (/home/jedi/Documents/Coding/iot_orchestrator/node_modules/ws/lib/websocket.js:881:5)
[sick-gamer-vibezz][err]:     at ClientRequest.emit (node:events:507:28)
[sick-gamer-vibezz][err]:     at emitErrorEvent (node:_http_client:104:11)
[sick-gamer-vibezz][err]:     at Socket.socketErrorListener (node:_http_client:518:5)
[sick-gamer-vibezz][err]:     at Socket.emit (node:events:507:28)
[sick-gamer-vibezz][err]:     at emitErrorNT (node:internal/streams/destroy:170:8)
[sick-gamer-vibezz][err]:     at emitErrorCloseNT (node:internal/streams/destroy:129:3)
[sick-gamer-vibezz][err]:     at process.processTicksAndRejections (node:internal/process/task_queues:90:21) {
[sick-gamer-vibezz][err]:   errno: -104,
[sick-gamer-vibezz][err]:   code: 'ECONNRESET',
[sick-gamer-vibezz][err]:   syscall: 'read'
[sick-gamer-vibezz][err]: }
[sick-gamer-vibezz][err]: 
[sick-gamer-vibezz][err]: Node.js v24.4.1
[deks-light][err]: node:internal/deps/undici/undici:15422
[deks-light][err]:       Error.captureStackTrace(err);
[deks-light][err]:             ^
[deks-light][err]: 
[deks-light][err]: TypeError: fetch failed
[deks-light][err]:     at node:internal/deps/undici/undici:15422:13
[deks-light][err]:     at async WledApi.fetchPresets (file:///home/jedi/Documents/Coding/iot_orchestrator/wled-api.js:69:22)
[deks-light][err]:     at async Promise.all (index 1)
[deks-light][err]:     at async file:///home/jedi/Documents/Coding/iot_orchestrator/wled-segment.js:8:1 {
[deks-light][err]:   [cause]: Error: read ECONNRESET
[deks-light][err]:       at TCP.onStreamRead (node:internal/stream_base_commons:216:20) {
[deks-light][err]:     errno: -104,
[deks-light][err]:     code: 'ECONNRESET',
[deks-light][err]:     syscall: 'read'
[deks-light][err]:   }
[deks-light][err]: }
[deks-light][err]: 
[deks-light][err]: Node.js v24.4.1
[deks-rgb][err]: node:internal/deps/undici/undici:15422
[deks-rgb][err]:       Error.captureStackTrace(err);
[deks-rgb][err]:             ^
[deks-rgb][err]: 
[deks-rgb][err]: TypeError: fetch failed
[deks-rgb][err]:     at node:internal/deps/undici/undici:15422:13
[deks-rgb][err]:     at async WledApi.fetchPresets (file:///home/jedi/Documents/Coding/iot_orchestrator/wled-api.js:69:22)
[deks-rgb][err]:     at async Promise.all (index 1)
[deks-rgb][err]:     at async file:///home/jedi/Documents/Coding/iot_orchestrator/wled-segment.js:8:1 {
[deks-rgb][err]:   [cause]: Error: read ECONNRESET
[deks-rgb][err]:       at TCP.onStreamRead (node:internal/stream_base_commons:216:20) {
[deks-rgb][err]:     errno: -104,
[deks-rgb][err]:     code: 'ECONNRESET',
[deks-rgb][err]:     syscall: 'read'
[deks-rgb][err]:   }
[deks-rgb][err]: }
[deks-rgb][err]: 
[deks-rgb][err]: Node.js v24.4.1
time=2025-08-05T21:45:55.866-07:00 level=WARN msg="" listener=t1 error=EOF
time=2025-08-05T21:45:55.867-07:00 level=WARN msg="" listener=t1 error=EOF
time=2025-08-05T21:45:55.867-07:00 level=WARN msg="" listener=t1 error=EOF
